0 info it worked if it ends with ok
1 verbose cli [ '/usr/local/Cellar/node/6.2.2/bin/node',
1 verbose cli   '/usr/local/bin/npm',
1 verbose cli   'start' ]
2 info using npm@3.9.5
3 info using node@v6.2.2
4 verbose run-script [ 'prestart', 'start', 'poststart' ]
5 info lifecycle vue-webgulp@0.1.0~prestart: vue-webgulp@0.1.0
6 silly lifecycle vue-webgulp@0.1.0~prestart: no script for prestart, continuing
7 info lifecycle vue-webgulp@0.1.0~start: vue-webgulp@0.1.0
8 verbose lifecycle vue-webgulp@0.1.0~start: unsafe-perm in lifecycle true
9 verbose lifecycle vue-webgulp@0.1.0~start: PATH: /usr/local/lib/node_modules/npm/bin/node-gyp-bin:/Users/rodrigo/work/src/github.com/rodzzlessa24/vue-webgulp/node_modules/.bin:/usr/local/Cellar/node/6.2.2/bin:/Users/rodrigo/anaconda/bin:/opt/local/bin:/opt/local/sbin:/opt/local/bin:/opt/local/sbin:/Users/rodrigo/google-cloud-sdk/bin:/Users/rodrigo/.rvm/gems/ruby-2.2.4/bin:/Users/rodrigo/.rvm/gems/ruby-2.2.4@global/bin:/Users/rodrigo/.rvm/rubies/ruby-2.2.4/bin:/usr/local/bin:/usr/bin:/bin:/usr/sbin:/sbin:/Users/rodrigo/work/bin:/usr/local/mysql/bin:/usr/local/sbin:/Users/rodrigo/.rvm/bin
10 verbose lifecycle vue-webgulp@0.1.0~start: CWD: /Users/rodrigo/work/src/github.com/rodzzlessa24/vue-webgulp
11 silly lifecycle vue-webgulp@0.1.0~start: Args: [ '-c', 'gulp' ]
12 silly lifecycle vue-webgulp@0.1.0~start: Returned: code: 1  signal: null
13 info lifecycle vue-webgulp@0.1.0~start: Failed to exec start script
14 verbose stack Error: vue-webgulp@0.1.0 start: `gulp`
14 verbose stack Exit status 1
14 verbose stack     at EventEmitter.<anonymous> (/usr/local/lib/node_modules/npm/lib/utils/lifecycle.js:245:16)
14 verbose stack     at emitTwo (events.js:106:13)
14 verbose stack     at EventEmitter.emit (events.js:191:7)
14 verbose stack     at ChildProcess.<anonymous> (/usr/local/lib/node_modules/npm/lib/utils/spawn.js:24:14)
14 verbose stack     at emitTwo (events.js:106:13)
14 verbose stack     at ChildProcess.emit (events.js:191:7)
14 verbose stack     at maybeClose (internal/child_process.js:852:16)
14 verbose stack     at Process.ChildProcess._handle.onexit (internal/child_process.js:215:5)
15 verbose pkgid vue-webgulp@0.1.0
16 verbose cwd /Users/rodrigo/work/src/github.com/rodzzlessa24/vue-webgulp
17 error Darwin 16.3.0
18 error argv "/usr/local/Cellar/node/6.2.2/bin/node" "/usr/local/bin/npm" "start"
19 error node v6.2.2
20 error npm  v3.9.5
21 error code ELIFECYCLE
22 error vue-webgulp@0.1.0 start: `gulp`
22 error Exit status 1
23 error Failed at the vue-webgulp@0.1.0 start script 'gulp'.
23 error Make sure you have the latest version of node.js and npm installed.
23 error If you do, this is most likely a problem with the vue-webgulp package,
23 error not with npm itself.
23 error Tell the author that this fails on your system:
23 error     gulp
23 error You can get information on how to open an issue for this project with:
23 error     npm bugs vue-webgulp
23 error Or if that isn't available, you can get their info via:
23 error     npm owner ls vue-webgulp
23 error There is likely additional logging output above.
24 verbose exit [ 1, true ]
